# JRE version: Java(TM) SE Runtime Environment Oracle GraalVM 17.0.11+7.1 (17.0.11+7) (build 17.0.11+7-LTS-jvmci-23.0-b34)
# Java VM: Java HotSpot(TM) 64-Bit Server VM Oracle GraalVM 17.0.11+7.1 (17.0.11+7-LTS-jvmci-23.0-b34, mixed mode, sharing, tiered, jvmci, jvmci compiler, compressed oops, compressed class ptrs, g1 gc, windows-amd64)
GC Precious Log:
 CPUs: 12 total, 12 available
 Memory: 16172M
 Large Page Support: Disabled
 NUMA Support: Disabled
 Compressed Oops: Enabled (Zero based)
 Heap Region Size: 2M
 Heap Min Capacity: 8M
 Heap Initial Capacity: 254M
 Heap Max Capacity: 4G
 Pre-touch: Disabled
 Parallel Workers: 10
 Concurrent Workers: 3
 Concurrent Refinement Workers: 10
 Periodic GC: Disabled
Heap:
 garbage-first heap   total 503808K, used 196753K [0x0000000700000000, 0x0000000800000000)
  region size 2048K, 13 young (26624K), 9 survivors (18432K)
 Metaspace       used 98001K, committed 98944K, reserved 1179648K
  class space    used 12109K, committed 12544K, reserved 1048576K
GC Heap History (20 events):
Event: 986.529 GC heap before
{Heap before GC invocations=60 (full 2):
 garbage-first heap   total 657408K, used 192352K [0x0000000700000000, 0x0000000800000000)
  region size 2048K, 16 young (32768K), 7 survivors (14336K)
 Metaspace       used 95710K, committed 96512K, reserved 1179648K
  class space    used 11922K, committed 12288K, reserved 1048576K
}
Event: 986.535 GC heap after
{Heap after GC invocations=61 (full 2):
 garbage-first heap   total 657408K, used 174961K [0x0000000700000000, 0x0000000800000000)
  region size 2048K, 1 young (2048K), 1 survivors (2048K)
 Metaspace       used 95710K, committed 96512K, reserved 1179648K
  class space    used 11922K, committed 12288K, reserved 1048576K
}
Event: 1080.155 GC heap before
{Heap before GC invocations=61 (full 2):
 garbage-first heap   total 657408K, used 316273K [0x0000000700000000, 0x0000000800000000)
  region size 2048K, 72 young (147456K), 1 survivors (2048K)
 Metaspace       used 96459K, committed 97344K, reserved 1179648K
  class space    used 11948K, committed 12352K, reserved 1048576K
}
Event: 1080.206 GC heap after
{Heap after GC invocations=62 (full 3):
 garbage-first heap   total 307200K, used 76916K [0x0000000700000000, 0x0000000800000000)
  region size 2048K, 0 young (0K), 0 survivors (0K)
 Metaspace       used 93689K, committed 94976K, reserved 1179648K
  class space    used 11672K, committed 12160K, reserved 1048576K
}
Event: 1081.008 GC heap before
{Heap before GC invocations=62 (full 3):
 garbage-first heap   total 307200K, used 210036K [0x0000000700000000, 0x0000000800000000)
  region size 2048K, 64 young (131072K), 0 survivors (0K)
 Metaspace       used 94123K, committed 95040K, reserved 1179648K
  class space    used 11675K, committed 12160K, reserved 1048576K
}
Event: 1081.019 GC heap after
{Heap after GC invocations=63 (full 3):
 garbage-first heap   total 307200K, used 111252K [0x0000000700000000, 0x0000000800000000)
  region size 2048K, 8 young (16384K), 8 survivors (16384K)
 Metaspace       used 94123K, committed 95040K, reserved 1179648K
  class space    used 11675K, committed 12160K, reserved 1048576K
}
Event: 1081.276 GC heap before
{Heap before GC invocations=63 (full 3):
 garbage-first heap   total 307200K, used 209556K [0x0000000700000000, 0x0000000800000000)
  region size 2048K, 57 young (116736K), 8 survivors (16384K)
 Metaspace       used 95732K, committed 96576K, reserved 1179648K
  class space    used 11880K, committed 12288K, reserved 1048576K
}
Event: 1081.291 GC heap after
{Heap after GC invocations=64 (full 3):
 garbage-first heap   total 307200K, used 128099K [0x0000000700000000, 0x0000000800000000)
  region size 2048K, 8 young (16384K), 8 survivors (16384K)
 Metaspace       used 95732K, committed 96576K, reserved 1179648K
  class space    used 11880K, committed 12288K, reserved 1048576K
}
Event: 1081.458 GC heap before
{Heap before GC invocations=64 (full 3):
 garbage-first heap   total 307200K, used 216163K [0x0000000700000000, 0x0000000800000000)
  region size 2048K, 51 young (104448K), 8 survivors (16384K)
 Metaspace       used 96397K, committed 97280K, reserved 1179648K
  class space    used 11922K, committed 12352K, reserved 1048576K
}
Event: 1081.470 GC heap after
{Heap after GC invocations=65 (full 3):
 garbage-first heap   total 307200K, used 157877K [0x0000000700000000, 0x0000000800000000)
  region size 2048K, 7 young (14336K), 7 survivors (14336K)
 Metaspace       used 96397K, committed 97280K, reserved 1179648K
  class space    used 11922K, committed 12352K, reserved 1048576K
}
Event: 1081.614 GC heap before
{Heap before GC invocations=66 (full 3):
 garbage-first heap   total 337920K, used 217269K [0x0000000700000000, 0x0000000800000000)
  region size 2048K, 38 young (77824K), 7 survivors (14336K)
 Metaspace       used 96742K, committed 97600K, reserved 1179648K
  class space    used 11937K, committed 12352K, reserved 1048576K
}
Event: 1081.620 GC heap after
{Heap after GC invocations=67 (full 3):
 garbage-first heap   total 337920K, used 161289K [0x0000000700000000, 0x0000000800000000)
  region size 2048K, 3 young (6144K), 3 survivors (6144K)
 Metaspace       used 96742K, committed 97600K, reserved 1179648K
  class space    used 11937K, committed 12352K, reserved 1048576K
}
Event: 1081.652 GC heap before
{Heap before GC invocations=67 (full 3):
 garbage-first heap   total 337920K, used 171529K [0x0000000700000000, 0x0000000800000000)
  region size 2048K, 8 young (16384K), 3 survivors (6144K)
 Metaspace       used 96810K, committed 97664K, reserved 1179648K
  class space    used 11946K, committed 12352K, reserved 1048576K
}
Event: 1081.654 GC heap after
{Heap after GC invocations=68 (full 3):
 garbage-first heap   total 337920K, used 162513K [0x0000000700000000, 0x0000000800000000)
  region size 2048K, 1 young (2048K), 1 survivors (2048K)
 Metaspace       used 96810K, committed 97664K, reserved 1179648K
  class space    used 11946K, committed 12352K, reserved 1048576K
}
Event: 1081.779 GC heap before
{Heap before GC invocations=68 (full 3):
 garbage-first heap   total 337920K, used 244433K [0x0000000700000000, 0x0000000800000000)
  region size 2048K, 41 young (83968K), 1 survivors (2048K)
 Metaspace       used 96896K, committed 97728K, reserved 1179648K
  class space    used 11950K, committed 12352K, reserved 1048576K
}
Event: 1081.783 GC heap after
{Heap after GC invocations=69 (full 3):
 garbage-first heap   total 503808K, used 164394K [0x0000000700000000, 0x0000000800000000)
  region size 2048K, 2 young (4096K), 2 survivors (4096K)
 Metaspace       used 96896K, committed 97728K, reserved 1179648K
  class space    used 11950K, committed 12352K, reserved 1048576K
}
Event: 1083.042 GC heap before
{Heap before GC invocations=69 (full 3):
 garbage-first heap   total 503808K, used 352810K [0x0000000700000000, 0x0000000800000000)
  region size 2048K, 94 young (192512K), 2 survivors (4096K)
 Metaspace       used 96949K, committed 97792K, reserved 1179648K
  class space    used 11950K, committed 12352K, reserved 1048576K
}
Event: 1083.051 GC heap after
{Heap after GC invocations=70 (full 3):
 garbage-first heap   total 503808K, used 172957K [0x0000000700000000, 0x0000000800000000)
  region size 2048K, 6 young (12288K), 6 survivors (12288K)
 Metaspace       used 96949K, committed 97792K, reserved 1179648K
  class space    used 11950K, committed 12352K, reserved 1048576K
}
Event: 1601.521 GC heap before
{Heap before GC invocations=70 (full 3):
 garbage-first heap   total 503808K, used 324509K [0x0000000700000000, 0x0000000800000000)
  region size 2048K, 77 young (157696K), 6 survivors (12288K)
 Metaspace       used 97270K, committed 98240K, reserved 1179648K
  class space    used 11969K, committed 12416K, reserved 1048576K
}
Event: 1601.529 GC heap after
{Heap after GC invocations=71 (full 3):
 garbage-first heap   total 503808K, used 188561K [0x0000000700000000, 0x0000000800000000)
  region size 2048K, 9 young (18432K), 9 survivors (18432K)
 Metaspace       used 97270K, committed 98240K, reserved 1179648K
  class space    used 11969K, committed 12416K, reserved 1048576K
}

